[ 2020-01-03T17:56:23+08:00 ] 127.0.0.1 127.0.0.1 GET /public/index.php/sys
[ log ] shop.vip/public/index.php/sys [运行时间：0.033653s][吞吐率：29.72req/s] [内存消耗：1,702.67kb] [文件加载：51]
[ info ] [ LANG ] D:\phpstudy_pro\WWW\shop\thinkphp\lang\zh-cn.php
[ info ] [ ROUTE ] array (
  'type' => 'module',
  'module' => 
  array (
    0 => 'sys',
    1 => NULL,
    2 => NULL,
  ),
)
[ info ] [ HEADER ] array (
  'cookie' => 'PHPSESSID=23843vkp4a1g7plg451onbj807',
  'accept-language' => 'zh-CN,zh;q=0.9',
  'accept-encoding' => 'gzip, deflate',
  'accept' => 'text/html,application/xhtml+xml,application/xml;q=0.9,image/webp,image/apng,*/*;q=0.8,application/signed-exchange;v=b3',
  'user-agent' => 'Mozilla/5.0 (Windows NT 10.0; Win64; x64) AppleWebKit/537.36 (KHTML, like Gecko) Chrome/77.0.3865.90 Safari/537.36',
  'upgrade-insecure-requests' => '1',
  'cache-control' => 'max-age=0',
  'connection' => 'close',
  'host' => 'shop.vip',
)
[ info ] [ PARAM ] array (
)
[ info ] [ SESSION ] INIT array (
  'id' => '',
  'var_session_id' => '',
  'prefix' => 'think',
  'type' => '',
  'auto_start' => true,
)
[ info ] [ RUN ] app\sys\controller\Index->index[ D:\phpstudy_pro\WWW\shop\application\sys\controller\Index.php ]
[ info ] [ LOG ] INIT File
[ error ] [0]模板文件不存在:D:\phpstudy_pro\WWW\shop\public/../application/sys\view\index\index.html[D:\phpstudy_pro\WWW\shop\thinkphp\library\think\view\driver\Think.php:80]

---------------------------------------------------------------
[ 2020-01-03T17:56:43+08:00 ] 127.0.0.1 127.0.0.1 GET /public/index.php/sys
[ log ] shop.vip/public/index.php/sys [运行时间：0.022996s][吞吐率：43.49req/s] [内存消耗：1,702.65kb] [文件加载：51]
[ info ] [ LANG ] D:\phpstudy_pro\WWW\shop\thinkphp\lang\zh-cn.php
[ info ] [ ROUTE ] array (
  'type' => 'module',
  'module' => 
  array (
    0 => 'sys',
    1 => NULL,
    2 => NULL,
  ),
)
[ info ] [ HEADER ] array (
  'cookie' => 'PHPSESSID=23843vkp4a1g7plg451onbj807',
  'accept-language' => 'zh-CN,zh;q=0.9',
  'accept-encoding' => 'gzip, deflate',
  'accept' => 'text/html,application/xhtml+xml,application/xml;q=0.9,image/webp,image/apng,*/*;q=0.8,application/signed-exchange;v=b3',
  'user-agent' => 'Mozilla/5.0 (Windows NT 10.0; Win64; x64) AppleWebKit/537.36 (KHTML, like Gecko) Chrome/77.0.3865.90 Safari/537.36',
  'upgrade-insecure-requests' => '1',
  'cache-control' => 'max-age=0',
  'connection' => 'close',
  'host' => 'shop.vip',
)
[ info ] [ PARAM ] array (
)
[ info ] [ SESSION ] INIT array (
  'id' => '',
  'var_session_id' => '',
  'prefix' => 'think',
  'type' => '',
  'auto_start' => true,
)
[ info ] [ RUN ] app\sys\controller\Index->index[ D:\phpstudy_pro\WWW\shop\application\sys\controller\Index.php ]
[ info ] [ LOG ] INIT File
[ error ] [0]模板文件不存在:D:\phpstudy_pro\WWW\shop\public/../application/sys\view\index\index.html[D:\phpstudy_pro\WWW\shop\thinkphp\library\think\view\driver\Think.php:80]

---------------------------------------------------------------
