[ 2019-12-28T10:38:22+08:00 ] 127.0.0.1 127.0.0.1 GET /public/index.php/index
[ log ] shop.vip/public/index.php/index [运行时间：0.511518s][吞吐率：1.95req/s] [内存消耗：1,571.70kb] [文件加载：50]
[ info ] [ LANG ] D:\phpstudy_pro\WWW\shop\thinkphp\lang\zh-cn.php
[ info ] [ ROUTE ] array (
  'type' => 'module',
  'module' => 
  array (
    0 => 'index',
    1 => NULL,
    2 => NULL,
  ),
)
[ info ] [ HEADER ] array (
  'accept-language' => 'zh-CN,zh;q=0.9',
  'accept-encoding' => 'gzip, deflate',
  'accept' => 'text/html,application/xhtml+xml,application/xml;q=0.9,image/webp,image/apng,*/*;q=0.8,application/signed-exchange;v=b3',
  'user-agent' => 'Mozilla/5.0 (Windows NT 10.0; Win64; x64) AppleWebKit/537.36 (KHTML, like Gecko) Chrome/77.0.3865.90 Safari/537.36',
  'upgrade-insecure-requests' => '1',
  'connection' => 'close',
  'host' => 'shop.vip',
)
[ info ] [ PARAM ] array (
)
[ info ] [ SESSION ] INIT array (
  'id' => '',
  'var_session_id' => '',
  'prefix' => 'think',
  'type' => '',
  'auto_start' => true,
)
[ info ] [ LOG ] INIT File

---------------------------------------------------------------
[ 2019-12-28T10:38:23+08:00 ] 127.0.0.1 127.0.0.1 GET /public/index.php/index/login/index.html
[ log ] shop.vip/public/index.php/index/login/index.html [运行时间：0.115489s][吞吐率：8.66req/s] [内存消耗：1,718.05kb] [文件加载：49]
[ info ] [ LANG ] D:\phpstudy_pro\WWW\shop\thinkphp\lang\zh-cn.php
[ info ] [ ROUTE ] array (
  'type' => 'module',
  'module' => 
  array (
    0 => 'index',
    1 => 'login',
    2 => 'index',
  ),
)
[ info ] [ HEADER ] array (
  'cookie' => 'PHPSESSID=l86llq80m552n493uisf857pk6',
  'accept-language' => 'zh-CN,zh;q=0.9',
  'accept-encoding' => 'gzip, deflate',
  'accept' => 'text/html,application/xhtml+xml,application/xml;q=0.9,image/webp,image/apng,*/*;q=0.8,application/signed-exchange;v=b3',
  'user-agent' => 'Mozilla/5.0 (Windows NT 10.0; Win64; x64) AppleWebKit/537.36 (KHTML, like Gecko) Chrome/77.0.3865.90 Safari/537.36',
  'upgrade-insecure-requests' => '1',
  'connection' => 'close',
  'host' => 'shop.vip',
)
[ info ] [ PARAM ] array (
)
[ info ] [ SESSION ] INIT array (
  'id' => '',
  'var_session_id' => '',
  'prefix' => 'think',
  'type' => '',
  'auto_start' => true,
)
[ info ] [ RUN ] app\index\controller\Login->index[ D:\phpstudy_pro\WWW\shop\application\index\controller\Login.php ]
[ info ] [ VIEW ] D:\phpstudy_pro\WWW\shop\public/../application/index\view\login\index.html [ array (
  0 => 'Controller',
  1 => 'Action',
  2 => 'NOTSHOWFOOTER',
  3 => 'ajaxUrl',
) ]
[ info ] [ LOG ] INIT File

---------------------------------------------------------------
[ 2019-12-28T10:38:38+08:00 ] 127.0.0.1 127.0.0.1 POST /public/index.php/index/login/checklogin.html
[ log ] shop.vip/public/index.php/index/login/checklogin.html [运行时间：0.141727s][吞吐率：7.06req/s] [内存消耗：2,346.05kb] [文件加载：54]
[ info ] [ LANG ] D:\phpstudy_pro\WWW\shop\thinkphp\lang\zh-cn.php
[ info ] [ ROUTE ] array (
  'type' => 'module',
  'module' => 
  array (
    0 => 'index',
    1 => 'login',
    2 => 'checklogin',
  ),
)
[ info ] [ HEADER ] array (
  'cookie' => 'PHPSESSID=l86llq80m552n493uisf857pk6',
  'accept-language' => 'zh-CN,zh;q=0.9',
  'accept-encoding' => 'gzip, deflate',
  'referer' => 'http://shop.vip/public/index.php/index/login/index.html',
  'origin' => 'http://shop.vip',
  'content-type' => 'application/x-www-form-urlencoded; charset=UTF-8',
  'user-agent' => 'Mozilla/5.0 (Linux; Android 6.0; Nexus 5 Build/MRA58N) AppleWebKit/537.36 (KHTML, like Gecko) Chrome/77.0.3865.90 Mobile Safari/537.36',
  'x-requested-with' => 'XMLHttpRequest',
  'accept' => '*/*',
  'content-length' => '32',
  'connection' => 'close',
  'host' => 'shop.vip',
)
[ info ] [ PARAM ] array (
  'username' => '15295488523',
  'pass' => '654321',
)
[ info ] [ SESSION ] INIT array (
  'id' => '',
  'var_session_id' => '',
  'prefix' => 'think',
  'type' => '',
  'auto_start' => true,
)
[ info ] [ RUN ] app\index\controller\Login->checklogin[ D:\phpstudy_pro\WWW\shop\application\index\controller\Login.php ]
[ info ] [ DB ] INIT mysql
[ info ] [ DB ] INIT mysql
[ info ] [ LOG ] INIT File
[ sql ] [ DB ] CONNECT:[ UseTime:0.006093s ] mysql:dbname=shop;host=127.0.0.1;charset=utf8
[ sql ] [ SQL ] SHOW COLUMNS FROM `tp_user` [ RunTime:0.003519s ]
[ sql ] [ SQL ] SELECT * FROM `tp_user` WHERE  `username` = '15295488523' LIMIT 1 [ RunTime:0.004559s ]
[ sql ] [ DB ] CONNECT:[ UseTime:0.000791s ] mysql:dbname=shop;host=127.0.0.1;charset=utf8
[ sql ] [ SQL ] SELECT * FROM `tp_user` WHERE  `username` = '15295488523'  AND `pass` = 'c33367701511b4f6020ec61ded352059' LIMIT 1 [ RunTime:0.000608s ]

---------------------------------------------------------------
[ 2019-12-28T10:38:39+08:00 ] 127.0.0.1 127.0.0.1 GET /public/index.php/index/index/index.html
[ log ] shop.vip/public/index.php/index/index/index.html [运行时间：0.054318s][吞吐率：18.41req/s] [内存消耗：2,425.98kb] [文件加载：56]
[ info ] [ LANG ] D:\phpstudy_pro\WWW\shop\thinkphp\lang\zh-cn.php
[ info ] [ ROUTE ] array (
  'type' => 'module',
  'module' => 
  array (
    0 => 'index',
    1 => 'index',
    2 => 'index',
  ),
)
[ info ] [ HEADER ] array (
  'cookie' => 'PHPSESSID=l86llq80m552n493uisf857pk6',
  'accept-language' => 'zh-CN,zh;q=0.9',
  'accept-encoding' => 'gzip, deflate',
  'referer' => 'http://shop.vip/public/index.php/index/login/index.html',
  'accept' => 'text/html,application/xhtml+xml,application/xml;q=0.9,image/webp,image/apng,*/*;q=0.8,application/signed-exchange;v=b3',
  'user-agent' => 'Mozilla/5.0 (Linux; Android 6.0; Nexus 5 Build/MRA58N) AppleWebKit/537.36 (KHTML, like Gecko) Chrome/77.0.3865.90 Mobile Safari/537.36',
  'upgrade-insecure-requests' => '1',
  'connection' => 'close',
  'host' => 'shop.vip',
)
[ info ] [ PARAM ] array (
)
[ info ] [ SESSION ] INIT array (
  'id' => '',
  'var_session_id' => '',
  'prefix' => 'think',
  'type' => '',
  'auto_start' => true,
)
[ info ] [ DB ] INIT mysql
[ info ] [ RUN ] app\index\controller\Index->index[ D:\phpstudy_pro\WWW\shop\application\index\controller\Index.php ]
[ info ] [ VIEW ] D:\phpstudy_pro\WWW\shop\public/../application/index\view\index\index.html [ array (
  0 => 'Controller',
  1 => 'Action',
  2 => 'userInfo',
  3 => 'NOTSHOWFOOTER',
) ]
[ info ] [ DB ] INIT mysql
[ info ] [ DB ] INIT mysql
[ info ] [ LOG ] INIT File
[ sql ] [ DB ] CONNECT:[ UseTime:0.000645s ] mysql:dbname=shop;host=127.0.0.1;charset=utf8
[ sql ] [ SQL ] SHOW COLUMNS FROM `tp_user` [ RunTime:0.001717s ]
[ sql ] [ SQL ] SELECT * FROM `tp_user` WHERE  `id` = 1 LIMIT 1 [ RunTime:0.005821s ]
[ sql ] [ DB ] CONNECT:[ UseTime:0.000916s ] mysql:dbname=shop;host=127.0.0.1;charset=utf8
[ sql ] [ SQL ] SHOW COLUMNS FROM `tp_goods_classify` [ RunTime:0.001888s ]
[ sql ] [ SQL ] SELECT * FROM `tp_goods_classify` [ RunTime:0.000393s ]
[ sql ] [ DB ] CONNECT:[ UseTime:0.000921s ] mysql:dbname=shop;host=127.0.0.1;charset=utf8
[ sql ] [ SQL ] SHOW COLUMNS FROM `tp_banner` [ RunTime:0.002284s ]
[ sql ] [ SQL ] SELECT * FROM `tp_banner` WHERE  `posid` = 1 [ RunTime:0.000502s ]

---------------------------------------------------------------
[ 2019-12-28T10:38:40+08:00 ] 127.0.0.1 127.0.0.1 POST /public/index.php/index/index/getlist.html
[ log ] shop.vip/public/index.php/index/index/getlist.html [运行时间：0.041650s][吞吐率：24.01req/s] [内存消耗：2,359.18kb] [文件加载：56]
[ info ] [ LANG ] D:\phpstudy_pro\WWW\shop\thinkphp\lang\zh-cn.php
[ info ] [ ROUTE ] array (
  'type' => 'module',
  'module' => 
  array (
    0 => 'index',
    1 => 'index',
    2 => 'getlist',
  ),
)
[ info ] [ HEADER ] array (
  'cookie' => 'PHPSESSID=l86llq80m552n493uisf857pk6',
  'accept-language' => 'zh-CN,zh;q=0.9',
  'accept-encoding' => 'gzip, deflate',
  'referer' => 'http://shop.vip/public/index.php/index/index/index.html',
  'origin' => 'http://shop.vip',
  'content-type' => 'application/x-www-form-urlencoded; charset=UTF-8',
  'user-agent' => 'Mozilla/5.0 (Linux; Android 6.0; Nexus 5 Build/MRA58N) AppleWebKit/537.36 (KHTML, like Gecko) Chrome/77.0.3865.90 Mobile Safari/537.36',
  'x-requested-with' => 'XMLHttpRequest',
  'accept' => '*/*',
  'content-length' => '22',
  'connection' => 'close',
  'host' => 'shop.vip',
)
[ info ] [ PARAM ] array (
  'page' => '0',
  'D' => 'goods',
  'posid' => '1',
)
[ info ] [ SESSION ] INIT array (
  'id' => '',
  'var_session_id' => '',
  'prefix' => 'think',
  'type' => '',
  'auto_start' => true,
)
[ info ] [ DB ] INIT mysql
[ info ] [ RUN ] app\index\controller\Index->Getlist[ D:\phpstudy_pro\WWW\shop\application\index\traits\controller\Controller.php ]
[ info ] [ DB ] INIT mysql
[ info ] [ LOG ] INIT File
[ sql ] [ DB ] CONNECT:[ UseTime:0.001183s ] mysql:dbname=shop;host=127.0.0.1;charset=utf8
[ sql ] [ SQL ] SHOW COLUMNS FROM `tp_user` [ RunTime:0.002969s ]
[ sql ] [ SQL ] SELECT * FROM `tp_user` WHERE  `id` = 1 LIMIT 1 [ RunTime:0.000853s ]
[ sql ] [ DB ] CONNECT:[ UseTime:0.000695s ] mysql:dbname=shop;host=127.0.0.1;charset=utf8
[ sql ] [ SQL ] SHOW COLUMNS FROM `tp_goods` [ RunTime:0.002412s ]
[ sql ] [ SQL ] SELECT * FROM `tp_goods` WHERE  `posid` = 1 [ RunTime:0.001048s ]

---------------------------------------------------------------
[ 2019-12-28T10:38:40+08:00 ] 127.0.0.1 127.0.0.1 POST /public/index.php/index/index/getlist.html
[ log ] shop.vip/public/index.php/index/index/getlist.html [运行时间：0.048039s][吞吐率：20.82req/s] [内存消耗：2,355.77kb] [文件加载：56]
[ info ] [ LANG ] D:\phpstudy_pro\WWW\shop\thinkphp\lang\zh-cn.php
[ info ] [ ROUTE ] array (
  'type' => 'module',
  'module' => 
  array (
    0 => 'index',
    1 => 'index',
    2 => 'getlist',
  ),
)
[ info ] [ HEADER ] array (
  'cookie' => 'PHPSESSID=l86llq80m552n493uisf857pk6',
  'accept-language' => 'zh-CN,zh;q=0.9',
  'accept-encoding' => 'gzip, deflate',
  'referer' => 'http://shop.vip/public/index.php/index/index/index.html',
  'origin' => 'http://shop.vip',
  'content-type' => 'application/x-www-form-urlencoded; charset=UTF-8',
  'user-agent' => 'Mozilla/5.0 (Linux; Android 6.0; Nexus 5 Build/MRA58N) AppleWebKit/537.36 (KHTML, like Gecko) Chrome/77.0.3865.90 Mobile Safari/537.36',
  'x-requested-with' => 'XMLHttpRequest',
  'accept' => '*/*',
  'content-length' => '22',
  'connection' => 'close',
  'host' => 'shop.vip',
)
[ info ] [ PARAM ] array (
  'page' => '1',
  'D' => 'goods',
  'posid' => '1',
)
[ info ] [ SESSION ] INIT array (
  'id' => '',
  'var_session_id' => '',
  'prefix' => 'think',
  'type' => '',
  'auto_start' => true,
)
[ info ] [ DB ] INIT mysql
[ info ] [ RUN ] app\index\controller\Index->Getlist[ D:\phpstudy_pro\WWW\shop\application\index\traits\controller\Controller.php ]
[ info ] [ DB ] INIT mysql
[ info ] [ LOG ] INIT File
[ sql ] [ DB ] CONNECT:[ UseTime:0.000845s ] mysql:dbname=shop;host=127.0.0.1;charset=utf8
[ sql ] [ SQL ] SHOW COLUMNS FROM `tp_user` [ RunTime:0.002089s ]
[ sql ] [ SQL ] SELECT * FROM `tp_user` WHERE  `id` = 1 LIMIT 1 [ RunTime:0.000758s ]
[ sql ] [ DB ] CONNECT:[ UseTime:0.002432s ] mysql:dbname=shop;host=127.0.0.1;charset=utf8
[ sql ] [ SQL ] SHOW COLUMNS FROM `tp_goods` [ RunTime:0.002554s ]
[ sql ] [ SQL ] SELECT * FROM `tp_goods` WHERE  `posid` = 1 LIMIT 10,1 [ RunTime:0.000759s ]

---------------------------------------------------------------
[ 2019-12-28T14:24:56+08:00 ] 127.0.0.1 127.0.0.1 GET /public/index.php/index/user/index.html
[ log ] shop.vip/public/index.php/index/user/index.html [运行时间：0.623265s][吞吐率：1.60req/s] [内存消耗：2,303.16kb] [文件加载：55]
[ info ] [ LANG ] D:\phpstudy_pro\WWW\shop\thinkphp\lang\zh-cn.php
[ info ] [ ROUTE ] array (
  'type' => 'module',
  'module' => 
  array (
    0 => 'index',
    1 => 'user',
    2 => 'index',
  ),
)
[ info ] [ HEADER ] array (
  'cookie' => 'PHPSESSID=l86llq80m552n493uisf857pk6',
  'accept-language' => 'zh-CN,zh;q=0.9',
  'accept-encoding' => 'gzip, deflate',
  'referer' => 'http://shop.vip/public/index.php/index/index/index.html',
  'accept' => 'text/html,application/xhtml+xml,application/xml;q=0.9,image/webp,image/apng,*/*;q=0.8,application/signed-exchange;v=b3',
  'user-agent' => 'Mozilla/5.0 (Linux; Android 6.0; Nexus 5 Build/MRA58N) AppleWebKit/537.36 (KHTML, like Gecko) Chrome/77.0.3865.90 Mobile Safari/537.36',
  'upgrade-insecure-requests' => '1',
  'connection' => 'close',
  'host' => 'shop.vip',
)
[ info ] [ PARAM ] array (
)
[ info ] [ SESSION ] INIT array (
  'id' => '',
  'var_session_id' => '',
  'prefix' => 'think',
  'type' => '',
  'auto_start' => true,
)
[ info ] [ DB ] INIT mysql
[ info ] [ RUN ] app\index\controller\User->index[ D:\phpstudy_pro\WWW\shop\application\index\controller\User.php ]
[ info ] [ VIEW ] D:\phpstudy_pro\WWW\shop\public/../application/index\view\user\index.html [ array (
  0 => 'Controller',
  1 => 'Action',
  2 => 'userInfo',
  3 => 'NOTSHOWFOOTER',
) ]
[ info ] [ LOG ] INIT File
[ sql ] [ DB ] CONNECT:[ UseTime:0.003929s ] mysql:dbname=shop;host=127.0.0.1;charset=utf8
[ sql ] [ SQL ] SHOW COLUMNS FROM `tp_user` [ RunTime:0.006755s ]
[ sql ] [ SQL ] SELECT * FROM `tp_user` WHERE  `id` = 1 LIMIT 1 [ RunTime:0.004846s ]

---------------------------------------------------------------
[ 2019-12-28T14:24:58+08:00 ] 127.0.0.1 127.0.0.1 GET /public/index.php/index/user/addr.html
[ log ] shop.vip/public/index.php/index/user/addr.html [运行时间：0.038591s][吞吐率：25.91req/s] [内存消耗：2,293.24kb] [文件加载：55]
[ info ] [ LANG ] D:\phpstudy_pro\WWW\shop\thinkphp\lang\zh-cn.php
[ info ] [ ROUTE ] array (
  'type' => 'module',
  'module' => 
  array (
    0 => 'index',
    1 => 'user',
    2 => 'addr',
  ),
)
[ info ] [ HEADER ] array (
  'cookie' => 'PHPSESSID=l86llq80m552n493uisf857pk6',
  'accept-language' => 'zh-CN,zh;q=0.9',
  'accept-encoding' => 'gzip, deflate',
  'referer' => 'http://shop.vip/public/index.php/index/user/index.html',
  'accept' => 'text/html,application/xhtml+xml,application/xml;q=0.9,image/webp,image/apng,*/*;q=0.8,application/signed-exchange;v=b3',
  'user-agent' => 'Mozilla/5.0 (Linux; Android 6.0; Nexus 5 Build/MRA58N) AppleWebKit/537.36 (KHTML, like Gecko) Chrome/77.0.3865.90 Mobile Safari/537.36',
  'upgrade-insecure-requests' => '1',
  'connection' => 'close',
  'host' => 'shop.vip',
)
[ info ] [ PARAM ] array (
)
[ info ] [ SESSION ] INIT array (
  'id' => '',
  'var_session_id' => '',
  'prefix' => 'think',
  'type' => '',
  'auto_start' => true,
)
[ info ] [ DB ] INIT mysql
[ info ] [ RUN ] app\index\controller\User->addr[ D:\phpstudy_pro\WWW\shop\application\index\controller\User.php ]
[ info ] [ VIEW ] D:\phpstudy_pro\WWW\shop\public/../application/index\view\user\addr.html [ array (
  0 => 'Controller',
  1 => 'Action',
  2 => 'userInfo',
  3 => 'NOTSHOWFOOTER',
  4 => 'address',
  5 => 'editAddress',
) ]
[ info ] [ LOG ] INIT File
[ sql ] [ DB ] CONNECT:[ UseTime:0.000824s ] mysql:dbname=shop;host=127.0.0.1;charset=utf8
[ sql ] [ SQL ] SHOW COLUMNS FROM `tp_user` [ RunTime:0.002908s ]
[ sql ] [ SQL ] SELECT * FROM `tp_user` WHERE  `id` = 1 LIMIT 1 [ RunTime:0.000790s ]

---------------------------------------------------------------
[ 2019-12-28T14:24:59+08:00 ] 127.0.0.1 127.0.0.1 POST /public/index.php/index/user/getaddress.html
[ log ] shop.vip/public/index.php/index/user/getaddress.html [运行时间：0.054605s][吞吐率：18.31req/s] [内存消耗：2,364.09kb] [文件加载：55]
[ info ] [ LANG ] D:\phpstudy_pro\WWW\shop\thinkphp\lang\zh-cn.php
[ info ] [ ROUTE ] array (
  'type' => 'module',
  'module' => 
  array (
    0 => 'index',
    1 => 'user',
    2 => 'getaddress',
  ),
)
[ info ] [ HEADER ] array (
  'cookie' => 'PHPSESSID=l86llq80m552n493uisf857pk6',
  'accept-language' => 'zh-CN,zh;q=0.9',
  'accept-encoding' => 'gzip, deflate',
  'referer' => 'http://shop.vip/public/index.php/index/user/addr.html',
  'origin' => 'http://shop.vip',
  'content-type' => 'application/x-www-form-urlencoded; charset=UTF-8',
  'user-agent' => 'Mozilla/5.0 (Linux; Android 6.0; Nexus 5 Build/MRA58N) AppleWebKit/537.36 (KHTML, like Gecko) Chrome/77.0.3865.90 Mobile Safari/537.36',
  'x-requested-with' => 'XMLHttpRequest',
  'accept' => 'application/json, text/javascript, */*; q=0.01',
  'content-length' => '6',
  'connection' => 'close',
  'host' => 'shop.vip',
)
[ info ] [ PARAM ] array (
  'page' => '0',
)
[ info ] [ SESSION ] INIT array (
  'id' => '',
  'var_session_id' => '',
  'prefix' => 'think',
  'type' => '',
  'auto_start' => true,
)
[ info ] [ DB ] INIT mysql
[ info ] [ RUN ] app\index\controller\User->getaddress[ D:\phpstudy_pro\WWW\shop\application\index\controller\User.php ]
[ info ] [ DB ] INIT mysql
[ info ] [ LOG ] INIT File
[ sql ] [ DB ] CONNECT:[ UseTime:0.001284s ] mysql:dbname=shop;host=127.0.0.1;charset=utf8
[ sql ] [ SQL ] SHOW COLUMNS FROM `tp_user` [ RunTime:0.002989s ]
[ sql ] [ SQL ] SELECT * FROM `tp_user` WHERE  `id` = 1 LIMIT 1 [ RunTime:0.001249s ]
[ sql ] [ DB ] CONNECT:[ UseTime:0.001527s ] mysql:dbname=shop;host=127.0.0.1;charset=utf8
[ sql ] [ SQL ] SHOW COLUMNS FROM `tp_address` [ RunTime:0.003099s ]
[ sql ] [ SQL ] SELECT * FROM `tp_address` WHERE  `userId` = 1 [ RunTime:0.008282s ]

---------------------------------------------------------------
[ 2019-12-28T14:25:00+08:00 ] 127.0.0.1 127.0.0.1 POST /public/index.php/index/user/getaddress.html
[ log ] shop.vip/public/index.php/index/user/getaddress.html [运行时间：0.046123s][吞吐率：21.68req/s] [内存消耗：2,361.59kb] [文件加载：55]
[ info ] [ LANG ] D:\phpstudy_pro\WWW\shop\thinkphp\lang\zh-cn.php
[ info ] [ ROUTE ] array (
  'type' => 'module',
  'module' => 
  array (
    0 => 'index',
    1 => 'user',
    2 => 'getaddress',
  ),
)
[ info ] [ HEADER ] array (
  'cookie' => 'PHPSESSID=l86llq80m552n493uisf857pk6',
  'accept-language' => 'zh-CN,zh;q=0.9',
  'accept-encoding' => 'gzip, deflate',
  'referer' => 'http://shop.vip/public/index.php/index/user/addr.html',
  'origin' => 'http://shop.vip',
  'content-type' => 'application/x-www-form-urlencoded; charset=UTF-8',
  'user-agent' => 'Mozilla/5.0 (Linux; Android 6.0; Nexus 5 Build/MRA58N) AppleWebKit/537.36 (KHTML, like Gecko) Chrome/77.0.3865.90 Mobile Safari/537.36',
  'x-requested-with' => 'XMLHttpRequest',
  'accept' => 'application/json, text/javascript, */*; q=0.01',
  'content-length' => '6',
  'connection' => 'close',
  'host' => 'shop.vip',
)
[ info ] [ PARAM ] array (
  'page' => '1',
)
[ info ] [ SESSION ] INIT array (
  'id' => '',
  'var_session_id' => '',
  'prefix' => 'think',
  'type' => '',
  'auto_start' => true,
)
[ info ] [ DB ] INIT mysql
[ info ] [ RUN ] app\index\controller\User->getaddress[ D:\phpstudy_pro\WWW\shop\application\index\controller\User.php ]
[ info ] [ DB ] INIT mysql
[ info ] [ LOG ] INIT File
[ sql ] [ DB ] CONNECT:[ UseTime:0.001358s ] mysql:dbname=shop;host=127.0.0.1;charset=utf8
[ sql ] [ SQL ] SHOW COLUMNS FROM `tp_user` [ RunTime:0.003514s ]
[ sql ] [ SQL ] SELECT * FROM `tp_user` WHERE  `id` = 1 LIMIT 1 [ RunTime:0.000707s ]
[ sql ] [ DB ] CONNECT:[ UseTime:0.011118s ] mysql:dbname=shop;host=127.0.0.1;charset=utf8
[ sql ] [ SQL ] SHOW COLUMNS FROM `tp_address` [ RunTime:0.003848s ]
[ sql ] [ SQL ] SELECT * FROM `tp_address` WHERE  `userId` = 1 LIMIT 10,1 [ RunTime:0.000687s ]

---------------------------------------------------------------
[ 2019-12-28T14:26:56+08:00 ] 127.0.0.1 127.0.0.1 GET /public/index.php/index/user/addr.html
[ log ] shop.vip/public/index.php/index/user/addr.html [运行时间：0.044610s][吞吐率：22.42req/s] [内存消耗：2,293.45kb] [文件加载：55]
[ info ] [ LANG ] D:\phpstudy_pro\WWW\shop\thinkphp\lang\zh-cn.php
[ info ] [ ROUTE ] array (
  'type' => 'module',
  'module' => 
  array (
    0 => 'index',
    1 => 'user',
    2 => 'addr',
  ),
)
[ info ] [ HEADER ] array (
  'cookie' => 'PHPSESSID=l86llq80m552n493uisf857pk6',
  'accept-language' => 'zh-CN,zh;q=0.9',
  'accept-encoding' => 'gzip, deflate',
  'referer' => 'http://shop.vip/public/index.php/index/user/index.html',
  'accept' => 'text/html,application/xhtml+xml,application/xml;q=0.9,image/webp,image/apng,*/*;q=0.8,application/signed-exchange;v=b3',
  'user-agent' => 'Mozilla/5.0 (Linux; Android 6.0; Nexus 5 Build/MRA58N) AppleWebKit/537.36 (KHTML, like Gecko) Chrome/77.0.3865.90 Mobile Safari/537.36',
  'upgrade-insecure-requests' => '1',
  'cache-control' => 'max-age=0',
  'connection' => 'close',
  'host' => 'shop.vip',
)
[ info ] [ PARAM ] array (
)
[ info ] [ SESSION ] INIT array (
  'id' => '',
  'var_session_id' => '',
  'prefix' => 'think',
  'type' => '',
  'auto_start' => true,
)
[ info ] [ DB ] INIT mysql
[ info ] [ RUN ] app\index\controller\User->addr[ D:\phpstudy_pro\WWW\shop\application\index\controller\User.php ]
[ info ] [ VIEW ] D:\phpstudy_pro\WWW\shop\public/../application/index\view\user\addr.html [ array (
  0 => 'Controller',
  1 => 'Action',
  2 => 'userInfo',
  3 => 'NOTSHOWFOOTER',
  4 => 'address',
  5 => 'editAddress',
) ]
[ info ] [ LOG ] INIT File
[ sql ] [ DB ] CONNECT:[ UseTime:0.010795s ] mysql:dbname=shop;host=127.0.0.1;charset=utf8
[ sql ] [ SQL ] SHOW COLUMNS FROM `tp_user` [ RunTime:0.001847s ]
[ sql ] [ SQL ] SELECT * FROM `tp_user` WHERE  `id` = 1 LIMIT 1 [ RunTime:0.000429s ]

---------------------------------------------------------------
[ 2019-12-28T14:26:57+08:00 ] 127.0.0.1 127.0.0.1 POST /public/index.php/index/user/getaddress.html
[ log ] shop.vip/public/index.php/index/user/getaddress.html [运行时间：0.040904s][吞吐率：24.45req/s] [内存消耗：2,364.09kb] [文件加载：55]
[ info ] [ LANG ] D:\phpstudy_pro\WWW\shop\thinkphp\lang\zh-cn.php
[ info ] [ ROUTE ] array (
  'type' => 'module',
  'module' => 
  array (
    0 => 'index',
    1 => 'user',
    2 => 'getaddress',
  ),
)
[ info ] [ HEADER ] array (
  'cookie' => 'PHPSESSID=l86llq80m552n493uisf857pk6',
  'accept-language' => 'zh-CN,zh;q=0.9',
  'accept-encoding' => 'gzip, deflate',
  'referer' => 'http://shop.vip/public/index.php/index/user/addr.html',
  'origin' => 'http://shop.vip',
  'content-type' => 'application/x-www-form-urlencoded; charset=UTF-8',
  'user-agent' => 'Mozilla/5.0 (Linux; Android 6.0; Nexus 5 Build/MRA58N) AppleWebKit/537.36 (KHTML, like Gecko) Chrome/77.0.3865.90 Mobile Safari/537.36',
  'x-requested-with' => 'XMLHttpRequest',
  'accept' => 'application/json, text/javascript, */*; q=0.01',
  'content-length' => '6',
  'connection' => 'close',
  'host' => 'shop.vip',
)
[ info ] [ PARAM ] array (
  'page' => '0',
)
[ info ] [ SESSION ] INIT array (
  'id' => '',
  'var_session_id' => '',
  'prefix' => 'think',
  'type' => '',
  'auto_start' => true,
)
[ info ] [ DB ] INIT mysql
[ info ] [ RUN ] app\index\controller\User->getaddress[ D:\phpstudy_pro\WWW\shop\application\index\controller\User.php ]
[ info ] [ DB ] INIT mysql
[ info ] [ LOG ] INIT File
[ sql ] [ DB ] CONNECT:[ UseTime:0.001041s ] mysql:dbname=shop;host=127.0.0.1;charset=utf8
[ sql ] [ SQL ] SHOW COLUMNS FROM `tp_user` [ RunTime:0.002774s ]
[ sql ] [ SQL ] SELECT * FROM `tp_user` WHERE  `id` = 1 LIMIT 1 [ RunTime:0.000403s ]
[ sql ] [ DB ] CONNECT:[ UseTime:0.000716s ] mysql:dbname=shop;host=127.0.0.1;charset=utf8
[ sql ] [ SQL ] SHOW COLUMNS FROM `tp_address` [ RunTime:0.001888s ]
[ sql ] [ SQL ] SELECT * FROM `tp_address` WHERE  `userId` = 1 [ RunTime:0.000593s ]

---------------------------------------------------------------
[ 2019-12-28T14:29:07+08:00 ] 127.0.0.1 127.0.0.1 GET /public/index.php/index/user/addr.html
[ log ] shop.vip/public/index.php/index/user/addr.html [运行时间：0.034645s][吞吐率：28.86req/s] [内存消耗：2,293.45kb] [文件加载：55]
[ info ] [ LANG ] D:\phpstudy_pro\WWW\shop\thinkphp\lang\zh-cn.php
[ info ] [ ROUTE ] array (
  'type' => 'module',
  'module' => 
  array (
    0 => 'index',
    1 => 'user',
    2 => 'addr',
  ),
)
[ info ] [ HEADER ] array (
  'cookie' => 'PHPSESSID=l86llq80m552n493uisf857pk6',
  'accept-language' => 'zh-CN,zh;q=0.9',
  'accept-encoding' => 'gzip, deflate',
  'referer' => 'http://shop.vip/public/index.php/index/user/index.html',
  'accept' => 'text/html,application/xhtml+xml,application/xml;q=0.9,image/webp,image/apng,*/*;q=0.8,application/signed-exchange;v=b3',
  'user-agent' => 'Mozilla/5.0 (Linux; Android 6.0; Nexus 5 Build/MRA58N) AppleWebKit/537.36 (KHTML, like Gecko) Chrome/77.0.3865.90 Mobile Safari/537.36',
  'upgrade-insecure-requests' => '1',
  'cache-control' => 'max-age=0',
  'connection' => 'close',
  'host' => 'shop.vip',
)
[ info ] [ PARAM ] array (
)
[ info ] [ SESSION ] INIT array (
  'id' => '',
  'var_session_id' => '',
  'prefix' => 'think',
  'type' => '',
  'auto_start' => true,
)
[ info ] [ DB ] INIT mysql
[ info ] [ RUN ] app\index\controller\User->addr[ D:\phpstudy_pro\WWW\shop\application\index\controller\User.php ]
[ info ] [ VIEW ] D:\phpstudy_pro\WWW\shop\public/../application/index\view\user\addr.html [ array (
  0 => 'Controller',
  1 => 'Action',
  2 => 'userInfo',
  3 => 'NOTSHOWFOOTER',
  4 => 'address',
  5 => 'editAddress',
) ]
[ info ] [ LOG ] INIT File
[ sql ] [ DB ] CONNECT:[ UseTime:0.000739s ] mysql:dbname=shop;host=127.0.0.1;charset=utf8
[ sql ] [ SQL ] SHOW COLUMNS FROM `tp_user` [ RunTime:0.002427s ]
[ sql ] [ SQL ] SELECT * FROM `tp_user` WHERE  `id` = 1 LIMIT 1 [ RunTime:0.000469s ]

---------------------------------------------------------------
[ 2019-12-28T14:29:07+08:00 ] 127.0.0.1 127.0.0.1 POST /public/index.php/index/user/getaddress.html
[ log ] shop.vip/public/index.php/index/user/getaddress.html [运行时间：0.034742s][吞吐率：28.78req/s] [内存消耗：2,364.09kb] [文件加载：55]
[ info ] [ LANG ] D:\phpstudy_pro\WWW\shop\thinkphp\lang\zh-cn.php
[ info ] [ ROUTE ] array (
  'type' => 'module',
  'module' => 
  array (
    0 => 'index',
    1 => 'user',
    2 => 'getaddress',
  ),
)
[ info ] [ HEADER ] array (
  'cookie' => 'PHPSESSID=l86llq80m552n493uisf857pk6',
  'accept-language' => 'zh-CN,zh;q=0.9',
  'accept-encoding' => 'gzip, deflate',
  'referer' => 'http://shop.vip/public/index.php/index/user/addr.html',
  'origin' => 'http://shop.vip',
  'content-type' => 'application/x-www-form-urlencoded; charset=UTF-8',
  'user-agent' => 'Mozilla/5.0 (Linux; Android 6.0; Nexus 5 Build/MRA58N) AppleWebKit/537.36 (KHTML, like Gecko) Chrome/77.0.3865.90 Mobile Safari/537.36',
  'x-requested-with' => 'XMLHttpRequest',
  'accept' => 'application/json, text/javascript, */*; q=0.01',
  'content-length' => '6',
  'connection' => 'close',
  'host' => 'shop.vip',
)
[ info ] [ PARAM ] array (
  'page' => '0',
)
[ info ] [ SESSION ] INIT array (
  'id' => '',
  'var_session_id' => '',
  'prefix' => 'think',
  'type' => '',
  'auto_start' => true,
)
[ info ] [ DB ] INIT mysql
[ info ] [ RUN ] app\index\controller\User->getaddress[ D:\phpstudy_pro\WWW\shop\application\index\controller\User.php ]
[ info ] [ DB ] INIT mysql
[ info ] [ LOG ] INIT File
[ sql ] [ DB ] CONNECT:[ UseTime:0.000787s ] mysql:dbname=shop;host=127.0.0.1;charset=utf8
[ sql ] [ SQL ] SHOW COLUMNS FROM `tp_user` [ RunTime:0.001899s ]
[ sql ] [ SQL ] SELECT * FROM `tp_user` WHERE  `id` = 1 LIMIT 1 [ RunTime:0.000675s ]
[ sql ] [ DB ] CONNECT:[ UseTime:0.000661s ] mysql:dbname=shop;host=127.0.0.1;charset=utf8
[ sql ] [ SQL ] SHOW COLUMNS FROM `tp_address` [ RunTime:0.001994s ]
[ sql ] [ SQL ] SELECT * FROM `tp_address` WHERE  `userId` = 1 [ RunTime:0.000895s ]

---------------------------------------------------------------
[ 2019-12-28T14:30:40+08:00 ] 127.0.0.1 127.0.0.1 GET /public/index.php/index/user/addr.html
[ log ] shop.vip/public/index.php/index/user/addr.html [运行时间：0.041907s][吞吐率：23.86req/s] [内存消耗：2,293.45kb] [文件加载：55]
[ info ] [ LANG ] D:\phpstudy_pro\WWW\shop\thinkphp\lang\zh-cn.php
[ info ] [ ROUTE ] array (
  'type' => 'module',
  'module' => 
  array (
    0 => 'index',
    1 => 'user',
    2 => 'addr',
  ),
)
[ info ] [ HEADER ] array (
  'cookie' => 'PHPSESSID=l86llq80m552n493uisf857pk6',
  'accept-language' => 'zh-CN,zh;q=0.9',
  'accept-encoding' => 'gzip, deflate',
  'referer' => 'http://shop.vip/public/index.php/index/user/index.html',
  'accept' => 'text/html,application/xhtml+xml,application/xml;q=0.9,image/webp,image/apng,*/*;q=0.8,application/signed-exchange;v=b3',
  'user-agent' => 'Mozilla/5.0 (Linux; Android 6.0; Nexus 5 Build/MRA58N) AppleWebKit/537.36 (KHTML, like Gecko) Chrome/77.0.3865.90 Mobile Safari/537.36',
  'upgrade-insecure-requests' => '1',
  'cache-control' => 'max-age=0',
  'connection' => 'close',
  'host' => 'shop.vip',
)
[ info ] [ PARAM ] array (
)
[ info ] [ SESSION ] INIT array (
  'id' => '',
  'var_session_id' => '',
  'prefix' => 'think',
  'type' => '',
  'auto_start' => true,
)
[ info ] [ DB ] INIT mysql
[ info ] [ RUN ] app\index\controller\User->addr[ D:\phpstudy_pro\WWW\shop\application\index\controller\User.php ]
[ info ] [ VIEW ] D:\phpstudy_pro\WWW\shop\public/../application/index\view\user\addr.html [ array (
  0 => 'Controller',
  1 => 'Action',
  2 => 'userInfo',
  3 => 'NOTSHOWFOOTER',
  4 => 'address',
  5 => 'editAddress',
) ]
[ info ] [ LOG ] INIT File
[ sql ] [ DB ] CONNECT:[ UseTime:0.010621s ] mysql:dbname=shop;host=127.0.0.1;charset=utf8
[ sql ] [ SQL ] SHOW COLUMNS FROM `tp_user` [ RunTime:0.002234s ]
[ sql ] [ SQL ] SELECT * FROM `tp_user` WHERE  `id` = 1 LIMIT 1 [ RunTime:0.000393s ]

---------------------------------------------------------------
[ 2019-12-28T14:30:40+08:00 ] 127.0.0.1 127.0.0.1 POST /public/index.php/index/user/getaddress.html
[ log ] shop.vip/public/index.php/index/user/getaddress.html [运行时间：0.031476s][吞吐率：31.77req/s] [内存消耗：2,364.09kb] [文件加载：55]
[ info ] [ LANG ] D:\phpstudy_pro\WWW\shop\thinkphp\lang\zh-cn.php
[ info ] [ ROUTE ] array (
  'type' => 'module',
  'module' => 
  array (
    0 => 'index',
    1 => 'user',
    2 => 'getaddress',
  ),
)
[ info ] [ HEADER ] array (
  'cookie' => 'PHPSESSID=l86llq80m552n493uisf857pk6',
  'accept-language' => 'zh-CN,zh;q=0.9',
  'accept-encoding' => 'gzip, deflate',
  'referer' => 'http://shop.vip/public/index.php/index/user/addr.html',
  'origin' => 'http://shop.vip',
  'content-type' => 'application/x-www-form-urlencoded; charset=UTF-8',
  'user-agent' => 'Mozilla/5.0 (Linux; Android 6.0; Nexus 5 Build/MRA58N) AppleWebKit/537.36 (KHTML, like Gecko) Chrome/77.0.3865.90 Mobile Safari/537.36',
  'x-requested-with' => 'XMLHttpRequest',
  'accept' => 'application/json, text/javascript, */*; q=0.01',
  'content-length' => '6',
  'connection' => 'close',
  'host' => 'shop.vip',
)
[ info ] [ PARAM ] array (
  'page' => '0',
)
[ info ] [ SESSION ] INIT array (
  'id' => '',
  'var_session_id' => '',
  'prefix' => 'think',
  'type' => '',
  'auto_start' => true,
)
[ info ] [ DB ] INIT mysql
[ info ] [ RUN ] app\index\controller\User->getaddress[ D:\phpstudy_pro\WWW\shop\application\index\controller\User.php ]
[ info ] [ DB ] INIT mysql
[ info ] [ LOG ] INIT File
[ sql ] [ DB ] CONNECT:[ UseTime:0.000620s ] mysql:dbname=shop;host=127.0.0.1;charset=utf8
[ sql ] [ SQL ] SHOW COLUMNS FROM `tp_user` [ RunTime:0.002528s ]
[ sql ] [ SQL ] SELECT * FROM `tp_user` WHERE  `id` = 1 LIMIT 1 [ RunTime:0.000887s ]
[ sql ] [ DB ] CONNECT:[ UseTime:0.000820s ] mysql:dbname=shop;host=127.0.0.1;charset=utf8
[ sql ] [ SQL ] SHOW COLUMNS FROM `tp_address` [ RunTime:0.001672s ]
[ sql ] [ SQL ] SELECT * FROM `tp_address` WHERE  `userId` = 1 [ RunTime:0.000533s ]

---------------------------------------------------------------
[ 2019-12-28T14:30:47+08:00 ] 127.0.0.1 127.0.0.1 POST /public/index.php/index/user/getaddress.html
[ log ] shop.vip/public/index.php/index/user/getaddress.html [运行时间：0.062075s][吞吐率：16.11req/s] [内存消耗：2,361.59kb] [文件加载：55]
[ info ] [ LANG ] D:\phpstudy_pro\WWW\shop\thinkphp\lang\zh-cn.php
[ info ] [ ROUTE ] array (
  'type' => 'module',
  'module' => 
  array (
    0 => 'index',
    1 => 'user',
    2 => 'getaddress',
  ),
)
[ info ] [ HEADER ] array (
  'cookie' => 'PHPSESSID=l86llq80m552n493uisf857pk6',
  'accept-language' => 'zh-CN,zh;q=0.9',
  'accept-encoding' => 'gzip, deflate',
  'referer' => 'http://shop.vip/public/index.php/index/user/addr.html',
  'origin' => 'http://shop.vip',
  'content-type' => 'application/x-www-form-urlencoded; charset=UTF-8',
  'user-agent' => 'Mozilla/5.0 (Linux; Android 6.0; Nexus 5 Build/MRA58N) AppleWebKit/537.36 (KHTML, like Gecko) Chrome/77.0.3865.90 Mobile Safari/537.36',
  'x-requested-with' => 'XMLHttpRequest',
  'accept' => 'application/json, text/javascript, */*; q=0.01',
  'content-length' => '6',
  'connection' => 'close',
  'host' => 'shop.vip',
)
[ info ] [ PARAM ] array (
  'page' => '1',
)
[ info ] [ SESSION ] INIT array (
  'id' => '',
  'var_session_id' => '',
  'prefix' => 'think',
  'type' => '',
  'auto_start' => true,
)
[ info ] [ DB ] INIT mysql
[ info ] [ RUN ] app\index\controller\User->getaddress[ D:\phpstudy_pro\WWW\shop\application\index\controller\User.php ]
[ info ] [ DB ] INIT mysql
[ info ] [ LOG ] INIT File
[ sql ] [ DB ] CONNECT:[ UseTime:0.001369s ] mysql:dbname=shop;host=127.0.0.1;charset=utf8
[ sql ] [ SQL ] SHOW COLUMNS FROM `tp_user` [ RunTime:0.004181s ]
[ sql ] [ SQL ] SELECT * FROM `tp_user` WHERE  `id` = 1 LIMIT 1 [ RunTime:0.000772s ]
[ sql ] [ DB ] CONNECT:[ UseTime:0.000902s ] mysql:dbname=shop;host=127.0.0.1;charset=utf8
[ sql ] [ SQL ] SHOW COLUMNS FROM `tp_address` [ RunTime:0.002147s ]
[ sql ] [ SQL ] SELECT * FROM `tp_address` WHERE  `userId` = 1 LIMIT 10,1 [ RunTime:0.000732s ]

---------------------------------------------------------------
